# project ns (3-dev) configured on Wed Apr  6 22:56:17 2022 by
# waf 1.8.19 (abi 98, python 20712f0 on linux2)
# using ./waf configure --disable-python --enable-examples
#
----------------------------------------
Setting top to
/home/chengh233/ns3-mmwave-relay
----------------------------------------
Setting out to
/home/chengh233/ns3-mmwave-relay/build
----------------------------------------
Checking for 'gcc' (C compiler)
find program=['gcc', 'cc'] paths=['/home/chengh233/.local/bin', '/usr/local/sbin', '/usr/local/bin', '/usr/sbin', '/usr/bin', '/sbin', '/bin', '/usr/games', '/usr/local/games', '/snap/bin'] var='CC' -> ['/usr/bin/gcc']
['/usr/bin/gcc', '-dM', '-E', '-']
out: #define __SSP_STRONG__ 3
#define __DBL_MIN_EXP__ (-1021)
#define __FLT32X_MAX_EXP__ 1024
#define __UINT_LEAST16_MAX__ 0xffff
#define __ARM_SIZEOF_WCHAR_T 4
#define __ATOMIC_ACQUIRE 2
#define __FLT128_MAX_10_EXP__ 4932
#define __FLT_MIN__ 1.17549435082228750796873653722224568e-38F
#define __GCC_IEC_559_COMPLEX 2
#define __UINT_LEAST8_TYPE__ unsigned char
#define __INTMAX_C(c) c ## L
#define __CHAR_BIT__ 8
#define __UINT8_MAX__ 0xff
#define __WINT_MAX__ 0xffffffffU
#define __FLT32_MIN_EXP__ (-125)
#define __ORDER_LITTLE_ENDIAN__ 1234
#define __SIZE_MAX__ 0xffffffffffffffffUL
#define __WCHAR_MAX__ 0xffffffffU
#define __GCC_HAVE_SYNC_COMPARE_AND_SWAP_1 1
#define __GCC_HAVE_SYNC_COMPARE_AND_SWAP_2 1
#define __GCC_HAVE_SYNC_COMPARE_AND_SWAP_4 1
#define __DBL_DENORM_MIN__ ((double)4.94065645841246544176568792868221372e-324L)
#define __GCC_HAVE_SYNC_COMPARE_AND_SWAP_8 1
#define __GCC_ATOMIC_CHAR_LOCK_FREE 2
#define __GCC_IEC_559 2
#define __FLT32X_DECIMAL_DIG__ 17
#define __FLT_EVAL_METHOD__ 0
#define __unix__ 1
#define __FLT64_DECIMAL_DIG__ 17
#define __GCC_ATOMIC_CHAR32_T_LOCK_FREE 2
#define __UINT_FAST64_MAX__ 0xffffffffffffffffUL
#define __SIG_ATOMIC_TYPE__ int
#define __DBL_MIN_10_EXP__ (-307)
#define __FLT16_EPSILON__ 9.76562500000000000000000000000000000e-4F16
#define __FINITE_MATH_ONLY__ 0
#define __ARM_FEATURE_UNALIGNED 1
#define __GNUC_PATCHLEVEL__ 0
#define __FLT32_HAS_DENORM__ 1
#define __UINT_FAST8_MAX__ 0xff
#define __has_include(STR) __has_include__(STR)
#define __DEC64_MAX_EXP__ 385
#define __INT8_C(c) c
#define __INT_LEAST8_WIDTH__ 8
#define __UINT_LEAST64_MAX__ 0xffffffffffffffffUL
#define __SHRT_MAX__ 0x7fff
#define __LDBL_MAX__ 1.18973149535723176508575932662800702e+4932L
#define __ARM_FEATURE_IDIV 1
#define __FLT64X_MAX_10_EXP__ 4932
#define __ARM_FP 14
#define __UINT_LEAST8_MAX__ 0xff
#define __GCC_ATOMIC_BOOL_LOCK_FREE 2
#define __FLT128_DENORM_MIN__ 6.47517511943802511092443895822764655e-4966F128
#define __UINTMAX_TYPE__ long unsigned int
#define __linux 1
#define __DEC32_EPSILON__ 1E-6DF
#define __FLT_EVAL_METHOD_TS_18661_3__ 0
#define __CHAR_UNSIGNED__ 1
#define __UINT32_MAX__ 0xffffffffU
#define __AARCH64_CMODEL_SMALL__ 1
#define __LDBL_MAX_EXP__ 16384
#define __FLT128_MIN_EXP__ (-16381)
#define __WINT_MIN__ 0U
#define __linux__ 1
#define __FLT128_MIN_10_EXP__ (-4931)
#define __INT_LEAST16_WIDTH__ 16
#define __SCHAR_MAX__ 0x7f
#define __FLT128_MANT_DIG__ 113
#define __WCHAR_MIN__ 0U
#define __INT64_C(c) c ## L
#define __DBL_DIG__ 15
#define __GCC_ATOMIC_POINTER_LOCK_FREE 2
#define __FLT64X_MANT_DIG__ 113
#define __SIZEOF_INT__ 4
#define __SIZEOF_POINTER__ 8
#define __USER_LABEL_PREFIX__ 
#define __FLT64X_EPSILON__ 1.92592994438723585305597794258492732e-34F64x
#define __STDC_HOSTED__ 1
#define __LDBL_HAS_INFINITY__ 1
#define __ARM_ALIGN_MAX_STACK_PWR 16
#define __FLT32_DIG__ 6
#define __FLT_EPSILON__ 1.19209289550781250000000000000000000e-7F
#define __SHRT_WIDTH__ 16
#define __LDBL_MIN__ 3.36210314311209350626267781732175260e-4932L
#define __STDC_UTF_16__ 1
#define __DEC32_MAX__ 9.999999E96DF
#define __ARM_SIZEOF_MINIMAL_ENUM 4
#define __FLT64X_DENORM_MIN__ 6.47517511943802511092443895822764655e-4966F64x
#define __FLT32X_HAS_INFINITY__ 1
#define __INT32_MAX__ 0x7fffffff
#define __INT_WIDTH__ 32
#define __SIZEOF_LONG__ 8
#define __STDC_IEC_559__ 1
#define __STDC_ISO_10646__ 201706L
#define __UINT16_C(c) c
#define __PTRDIFF_WIDTH__ 64
#define __DECIMAL_DIG__ 36
#define __FLT64_EPSILON__ 2.22044604925031308084726333618164062e-16F64
#define __gnu_linux__ 1
#define __INTMAX_WIDTH__ 64
#define __has_include_next(STR) __has_include_next__(STR)
#define __FLT64X_MIN_10_EXP__ (-4931)
#define __LDBL_HAS_QUIET_NAN__ 1
#define __FLT16_MIN_EXP__ (-13)
#define __FLT64_MANT_DIG__ 53
#define __GNUC__ 9
#define __pie__ 2
#define __FLT_HAS_DENORM__ 1
#define __SIZEOF_LONG_DOUBLE__ 16
#define __BIGGEST_ALIGNMENT__ 16
#define __FLT64_MAX_10_EXP__ 308
#define __FLT16_MAX_10_EXP__ 4
#define __DBL_MAX__ ((double)1.79769313486231570814527423731704357e+308L)
#define __INT_FAST32_MAX__ 0x7fffffffffffffffL
#define __DBL_HAS_INFINITY__ 1
#define __HAVE_SPECULATION_SAFE_VALUE 1
#define __DEC32_MIN_EXP__ (-94)
#define __INTPTR_WIDTH__ 64
#define __FLT32X_HAS_DENORM__ 1
#define __INT_FAST16_TYPE__ long int
#define __LDBL_HAS_DENORM__ 1
#define __FLT128_HAS_INFINITY__ 1
#define __DEC128_MAX__ 9.999999999999999999999999999999999E6144DL
#define __INT_LEAST32_MAX__ 0x7fffffff
#define __DEC32_MIN__ 1E-95DF
#define __DBL_MAX_EXP__ 1024
#define __WCHAR_WIDTH__ 32
#define __FLT32_MAX__ 3.40282346638528859811704183484516925e+38F32
#define __DEC128_EPSILON__ 1E-33DL
#define __FLT16_DECIMAL_DIG__ 5
#define __PTRDIFF_MAX__ 0x7fffffffffffffffL
#define __FLT32_HAS_QUIET_NAN__ 1
#define __LONG_LONG_MAX__ 0x7fffffffffffffffLL
#define __SIZEOF_SIZE_T__ 8
#define __ARM_ALIGN_MAX_PWR 28
#define __FLT64X_MIN_EXP__ (-16381)
#define __SIZEOF_WINT_T__ 4
#define __LONG_LONG_WIDTH__ 64
#define __FLT32_MAX_EXP__ 128
#define __GCC_HAVE_DWARF2_CFI_ASM 1
#define __ARM_FP16_FORMAT_IEEE 1
#define __GXX_ABI_VERSION 1013
#define __FLT_MIN_EXP__ (-125)
#define __FLT16_MANT_DIG__ 11
#define __FLT64X_HAS_QUIET_NAN__ 1
#define __INT_FAST64_TYPE__ long int
#define __FP_FAST_FMAF 1
#define __FLT64_DENORM_MIN__ 4.94065645841246544176568792868221372e-324F64
#define __DBL_MIN__ ((double)2.22507385850720138309023271733240406e-308L)
#define __PIE__ 2
#define __FLT16_DENORM_MIN__ 5.96046447753906250000000000000000000e-8F16
#define __LP64__ 1
#define __FLT_EVAL_METHOD_C99__ 0
#define __FLT32X_EPSILON__ 2.22044604925031308084726333618164062e-16F32x
#define __FLT64_MIN_EXP__ (-1021)
#define __aarch64__ 1
#define __FLT64_MIN_10_EXP__ (-307)
#define __ARM_FP16_ARGS 1
#define __FLT16_MIN_10_EXP__ (-4)
#define __FLT64X_DECIMAL_DIG__ 36
#define __DEC128_MIN__ 1E-6143DL
#define __REGISTER_PREFIX__ 
#define __UINT16_MAX__ 0xffff
#define __DBL_HAS_DENORM__ 1
#define __FLT32_MIN__ 1.17549435082228750796873653722224568e-38F32
#define __UINT8_TYPE__ unsigned char
#define __NO_INLINE__ 1
#define __FLT_MANT_DIG__ 24
#define __LDBL_DECIMAL_DIG__ 36
#define __VERSION__ "9.4.0"
#define __UINT64_C(c) c ## UL
#define _STDC_PREDEF_H 1
#define __ARM_FEATURE_FMA 1
#define __GCC_ATOMIC_INT_LOCK_FREE 2
#define __FLT128_MAX_EXP__ 16384
#define __FLT32_MANT_DIG__ 24
#define __FLOAT_WORD_ORDER__ __ORDER_LITTLE_ENDIAN__
#define __FLT16_DIG__ 3
#define __STDC_IEC_559_COMPLEX__ 1
#define __FLT128_HAS_DENORM__ 1
#define __FLT128_DIG__ 33
#define __SCHAR_WIDTH__ 8
#define __INT32_C(c) c
#define __DEC64_EPSILON__ 1E-15DD
#define __ORDER_PDP_ENDIAN__ 3412
#define __DEC128_MIN_EXP__ (-6142)
#define __FLT32_MAX_10_EXP__ 38
#define __ARM_64BIT_STATE 1
#define __INT_FAST32_TYPE__ long int
#define __UINT_LEAST16_TYPE__ short unsigned int
#define __FLT64X_HAS_INFINITY__ 1
#define unix 1
#define __INT16_MAX__ 0x7fff
#define __SIZE_TYPE__ long unsigned int
#define __UINT64_MAX__ 0xffffffffffffffffUL
#define __FLT64X_DIG__ 33
#define __INT8_TYPE__ signed char
#define __FLT32X_MIN_EXP__ (-1021)
#define __ELF__ 1
#define __FLT_RADIX__ 2
#define __INT_LEAST16_TYPE__ short int
#define __ARM_ARCH_PROFILE 65
#define __LDBL_EPSILON__ 1.92592994438723585305597794258492732e-34L
#define __UINTMAX_C(c) c ## UL
#define __ARM_PCS_AAPCS64 1
#define __SIG_ATOMIC_MAX__ 0x7fffffff
#define __GCC_ATOMIC_WCHAR_T_LOCK_FREE 2
#define __SIZEOF_PTRDIFF_T__ 8
#define __FLT32X_MANT_DIG__ 53
#define __AARCH64EL__ 1
#define __FLT16_MAX_EXP__ 16
#define __DEC32_SUBNORMAL_MIN__ 0.000001E-95DF
#define __INT_FAST16_MAX__ 0x7fffffffffffffffL
#define __FLT64_DIG__ 15
#define __UINT_FAST32_MAX__ 0xffffffffffffffffUL
#define __UINT_LEAST64_TYPE__ long unsigned int
#define __FLT_HAS_QUIET_NAN__ 1
#define __FLT_MAX_10_EXP__ 38
#define __LONG_MAX__ 0x7fffffffffffffffL
#define __FLT64X_HAS_DENORM__ 1
#define __DEC128_SUBNORMAL_MIN__ 0.000000000000000000000000000000001E-6143DL
#define __FLT_HAS_INFINITY__ 1
#define __unix 1
#define __UINT_FAST16_TYPE__ long unsigned int
#define __DEC64_MAX__ 9.999999999999999E384DD
#define __INT_FAST32_WIDTH__ 64
#define __CHAR16_TYPE__ short unsigned int
#define __PRAGMA_REDEFINE_EXTNAME 1
#define __SIZE_WIDTH__ 64
#define __INT_LEAST16_MAX__ 0x7fff
#define __DEC64_MANT_DIG__ 16
#define __INT64_MAX__ 0x7fffffffffffffffL
#define __UINT_LEAST32_MAX__ 0xffffffffU
#define __FLT32_DENORM_MIN__ 1.40129846432481707092372958328991613e-45F32
#define __GCC_ATOMIC_LONG_LOCK_FREE 2
#define __SIG_ATOMIC_WIDTH__ 32
#define __INT_LEAST64_TYPE__ long int
#define __ARM_FEATURE_CLZ 1
#define __INT16_TYPE__ short int
#define __INT_LEAST8_TYPE__ signed char
#define __FLT16_MAX__ 6.55040000000000000000000000000000000e+4F16
#define __STDC_VERSION__ 201710L
#define __DEC32_MAX_EXP__ 97
#define __INT_FAST8_MAX__ 0x7f
#define __ARM_ARCH 8
#define __FLT128_MAX__ 1.18973149535723176508575932662800702e+4932F128
#define __INTPTR_MAX__ 0x7fffffffffffffffL
#define linux 1
#define __FLT64_HAS_QUIET_NAN__ 1
#define __FLT32_MIN_10_EXP__ (-37)
#define __FLT32X_DIG__ 15
#define __LDBL_MANT_DIG__ 113
#define __DBL_HAS_QUIET_NAN__ 1
#define __FLT64_HAS_INFINITY__ 1
#define __FLT64X_MAX__ 1.18973149535723176508575932662800702e+4932F64x
#define __FLT16_HAS_INFINITY__ 1
#define __SIG_ATOMIC_MIN__ (-__SIG_ATOMIC_MAX__ - 1)
#define __INTPTR_TYPE__ long int
#define __UINT16_TYPE__ short unsigned int
#define __WCHAR_TYPE__ unsigned int
#define __SIZEOF_FLOAT__ 4
#define __pic__ 2
#define __UINTPTR_MAX__ 0xffffffffffffffffUL
#define __ARM_ARCH_8A 1
#define __INT_FAST64_WIDTH__ 64
#define __DEC64_MIN_EXP__ (-382)
#define __FLT32_DECIMAL_DIG__ 9
#define __INT_FAST64_MAX__ 0x7fffffffffffffffL
#define __GCC_ATOMIC_TEST_AND_SET_TRUEVAL 1
#define __FLT_DIG__ 6
#define __FLT32_HAS_INFINITY__ 1
#define __FLT64X_MAX_EXP__ 16384
#define __UINT_FAST64_TYPE__ long unsigned int
#define __INT_MAX__ 0x7fffffff
#define __FLT16_HAS_QUIET_NAN__ 1
#define __INT64_TYPE__ long int
#define __FLT_MAX_EXP__ 128
#define __ORDER_BIG_ENDIAN__ 4321
#define __DBL_MANT_DIG__ 53
#define __INT_LEAST64_MAX__ 0x7fffffffffffffffL
#define __GCC_ATOMIC_CHAR16_T_LOCK_FREE 2
#define __FP_FAST_FMAF32 1
#define __DEC64_MIN__ 1E-383DD
#define __WINT_TYPE__ unsigned int
#define __UINT_LEAST32_TYPE__ unsigned int
#define __SIZEOF_SHORT__ 2
#define __LDBL_MIN_EXP__ (-16381)
#define __FLT64_MAX__ 1.79769313486231570814527423731704357e+308F64
#define __WINT_WIDTH__ 32
#define __FP_FAST_FMAF64 1
#define __INT_LEAST8_MAX__ 0x7f
#define __FLT32X_MAX_10_EXP__ 308
#define __SIZEOF_INT128__ 16
#define __FLT16_MIN__ 6.10351562500000000000000000000000000e-5F16
#define __LDBL_MAX_10_EXP__ 4932
#define __ATOMIC_RELAXED 0
#define __DBL_EPSILON__ ((double)2.22044604925031308084726333618164062e-16L)
#define __FLT128_MIN__ 3.36210314311209350626267781732175260e-4932F128
#define _LP64 1
#define __UINT8_C(c) c
#define __FLT64_MAX_EXP__ 1024
#define __INT_LEAST32_TYPE__ int
#define __SIZEOF_WCHAR_T__ 4
#define __UINT64_TYPE__ long unsigned int
#define __ARM_NEON 1
#define __FLT128_HAS_QUIET_NAN__ 1
#define __INT_FAST8_TYPE__ signed char
#define __FLT64X_MIN__ 3.36210314311209350626267781732175260e-4932F64x
#define __GNUC_STDC_INLINE__ 1
#define __FLT64_HAS_DENORM__ 1
#define __FLT32_EPSILON__ 1.19209289550781250000000000000000000e-7F32
#define __FP_FAST_FMAF32x 1
#define __FLT16_HAS_DENORM__ 1
#define __DBL_DECIMAL_DIG__ 17
#define __STDC_UTF_32__ 1
#define __INT_FAST8_WIDTH__ 8
#define __DEC_EVAL_METHOD__ 2
#define __FLT32X_MAX__ 1.79769313486231570814527423731704357e+308F32x
#define __UINT32_C(c) c ## U
#define __INTMAX_MAX__ 0x7fffffffffffffffL
#define __BYTE_ORDER__ __ORDER_LITTLE_ENDIAN__
#define __FLT_DENORM_MIN__ 1.40129846432481707092372958328991613e-45F
#define __INT8_MAX__ 0x7f
#define __LONG_WIDTH__ 64
#define __PIC__ 2
#define __UINT_FAST32_TYPE__ long unsigned int
#define __CHAR32_TYPE__ unsigned int
#define __FLT_MAX__ 3.40282346638528859811704183484516925e+38F
#define __FP_FAST_FMA 1
#define __ARM_FEATURE_NUMERIC_MAXMIN 1
#define __INT32_TYPE__ int
#define __SIZEOF_DOUBLE__ 8
#define __FLT_MIN_10_EXP__ (-37)
#define __FLT64_MIN__ 2.22507385850720138309023271733240406e-308F64
#define __INT_LEAST32_WIDTH__ 32
#define __INTMAX_TYPE__ long int
#define __DEC128_MAX_EXP__ 6145
#define __FLT32X_HAS_QUIET_NAN__ 1
#define __ATOMIC_CONSUME 1
#define __GNUC_MINOR__ 4
#define __INT_FAST16_WIDTH__ 64
#define __UINTMAX_MAX__ 0xffffffffffffffffUL
#define __DEC32_MANT_DIG__ 7
#define __FLT32X_DENORM_MIN__ 4.94065645841246544176568792868221372e-324F32x
#define __DBL_MAX_10_EXP__ 308
#define __LDBL_DENORM_MIN__ 6.47517511943802511092443895822764655e-4966L
#define __INT16_C(c) c
#define __ARM_ARCH_ISA_A64 1
#define __STDC__ 1
#define __PTRDIFF_TYPE__ long int
#define __ATOMIC_SEQ_CST 5
#define __GCC_HAVE_SYNC_COMPARE_AND_SWAP_16 1
#define __UINT32_TYPE__ unsigned int
#define __FLT32X_MIN_10_EXP__ (-307)
#define __UINTPTR_TYPE__ long unsigned int
#define __DEC64_SUBNORMAL_MIN__ 0.000000000000001E-383DD
#define __DEC128_MANT_DIG__ 34
#define __LDBL_MIN_10_EXP__ (-4931)
#define __FLT128_EPSILON__ 1.92592994438723585305597794258492732e-34F128
#define __SIZEOF_LONG_LONG__ 8
#define __FLT128_DECIMAL_DIG__ 36
#define __GCC_ATOMIC_LLONG_LOCK_FREE 2
#define __FLT32X_MIN__ 2.22507385850720138309023271733240406e-308F32x
#define __LDBL_DIG__ 33
#define __FLT_DECIMAL_DIG__ 9
#define __UINT_FAST16_MAX__ 0xffffffffffffffffUL
#define __GCC_ATOMIC_SHORT_LOCK_FREE 2
#define __INT_LEAST64_WIDTH__ 64
#define __UINT_FAST8_TYPE__ unsigned char
#define __ATOMIC_ACQ_REL 4
#define __ATOMIC_RELEASE 3

find program=['ar'] paths=['/home/chengh233/.local/bin', '/usr/local/sbin', '/usr/local/bin', '/usr/sbin', '/usr/bin', '/sbin', '/bin', '/usr/games', '/usr/local/games', '/snap/bin'] var='AR' -> ['/usr/bin/ar']
/usr/bin/gcc
----------------------------------------
Checking for cc version
9.4.0
----------------------------------------
Checking for 'g++' (C++ compiler)
find program=['g++', 'c++'] paths=['/home/chengh233/.local/bin', '/usr/local/sbin', '/usr/local/bin', '/usr/sbin', '/usr/bin', '/sbin', '/bin', '/usr/games', '/usr/local/games', '/snap/bin'] var='CXX' -> ['/usr/bin/g++']
['/usr/bin/g++', '-dM', '-E', '-']
out: #define __SSP_STRONG__ 3
#define __DBL_MIN_EXP__ (-1021)
#define __FLT32X_MAX_EXP__ 1024
#define __UINT_LEAST16_MAX__ 0xffff
#define __ARM_SIZEOF_WCHAR_T 4
#define __ATOMIC_ACQUIRE 2
#define __FLT128_MAX_10_EXP__ 4932
#define __FLT_MIN__ 1.17549435082228750796873653722224568e-38F
#define __GCC_IEC_559_COMPLEX 2
#define __UINT_LEAST8_TYPE__ unsigned char
#define __INTMAX_C(c) c ## L
#define __CHAR_BIT__ 8
#define __UINT8_MAX__ 0xff
#define __WINT_MAX__ 0xffffffffU
#define __FLT32_MIN_EXP__ (-125)
#define __ORDER_LITTLE_ENDIAN__ 1234
#define __SIZE_MAX__ 0xffffffffffffffffUL
#define __WCHAR_MAX__ 0xffffffffU
#define __GCC_HAVE_SYNC_COMPARE_AND_SWAP_1 1
#define __GCC_HAVE_SYNC_COMPARE_AND_SWAP_2 1
#define __GCC_HAVE_SYNC_COMPARE_AND_SWAP_4 1
#define __DBL_DENORM_MIN__ ((double)4.94065645841246544176568792868221372e-324L)
#define __GCC_HAVE_SYNC_COMPARE_AND_SWAP_8 1
#define __GCC_ATOMIC_CHAR_LOCK_FREE 2
#define __GCC_IEC_559 2
#define __FLT32X_DECIMAL_DIG__ 17
#define __FLT_EVAL_METHOD__ 0
#define __unix__ 1
#define __FLT64_DECIMAL_DIG__ 17
#define __GCC_ATOMIC_CHAR32_T_LOCK_FREE 2
#define __UINT_FAST64_MAX__ 0xffffffffffffffffUL
#define __SIG_ATOMIC_TYPE__ int
#define __DBL_MIN_10_EXP__ (-307)
#define __FLT16_EPSILON__ 9.76562500000000000000000000000000000e-4F16
#define __FINITE_MATH_ONLY__ 0
#define __ARM_FEATURE_UNALIGNED 1
#define __GNUC_PATCHLEVEL__ 0
#define __FLT32_HAS_DENORM__ 1
#define __UINT_FAST8_MAX__ 0xff
#define __has_include(STR) __has_include__(STR)
#define __DEC64_MAX_EXP__ 385
#define __INT8_C(c) c
#define __INT_LEAST8_WIDTH__ 8
#define __UINT_LEAST64_MAX__ 0xffffffffffffffffUL
#define __SHRT_MAX__ 0x7fff
#define __LDBL_MAX__ 1.18973149535723176508575932662800702e+4932L
#define __ARM_FEATURE_IDIV 1
#define __FLT64X_MAX_10_EXP__ 4932
#define __ARM_FP 14
#define __UINT_LEAST8_MAX__ 0xff
#define __GCC_ATOMIC_BOOL_LOCK_FREE 2
#define __FLT128_DENORM_MIN__ 6.47517511943802511092443895822764655e-4966F128
#define __UINTMAX_TYPE__ long unsigned int
#define __linux 1
#define __DEC32_EPSILON__ 1E-6DF
#define __FLT_EVAL_METHOD_TS_18661_3__ 0
#define __CHAR_UNSIGNED__ 1
#define __UINT32_MAX__ 0xffffffffU
#define __AARCH64_CMODEL_SMALL__ 1
#define __LDBL_MAX_EXP__ 16384
#define __FLT128_MIN_EXP__ (-16381)
#define __WINT_MIN__ 0U
#define __linux__ 1
#define __FLT128_MIN_10_EXP__ (-4931)
#define __INT_LEAST16_WIDTH__ 16
#define __SCHAR_MAX__ 0x7f
#define __FLT128_MANT_DIG__ 113
#define __WCHAR_MIN__ 0U
#define __INT64_C(c) c ## L
#define __DBL_DIG__ 15
#define __GCC_ATOMIC_POINTER_LOCK_FREE 2
#define __FLT64X_MANT_DIG__ 113
#define __SIZEOF_INT__ 4
#define __SIZEOF_POINTER__ 8
#define __USER_LABEL_PREFIX__ 
#define __FLT64X_EPSILON__ 1.92592994438723585305597794258492732e-34F64x
#define __STDC_HOSTED__ 1
#define __LDBL_HAS_INFINITY__ 1
#define __ARM_ALIGN_MAX_STACK_PWR 16
#define __FLT32_DIG__ 6
#define __FLT_EPSILON__ 1.19209289550781250000000000000000000e-7F
#define __SHRT_WIDTH__ 16
#define __LDBL_MIN__ 3.36210314311209350626267781732175260e-4932L
#define __STDC_UTF_16__ 1
#define __DEC32_MAX__ 9.999999E96DF
#define __ARM_SIZEOF_MINIMAL_ENUM 4
#define __FLT64X_DENORM_MIN__ 6.47517511943802511092443895822764655e-4966F64x
#define __FLT32X_HAS_INFINITY__ 1
#define __INT32_MAX__ 0x7fffffff
#define __INT_WIDTH__ 32
#define __SIZEOF_LONG__ 8
#define __STDC_IEC_559__ 1
#define __STDC_ISO_10646__ 201706L
#define __UINT16_C(c) c
#define __PTRDIFF_WIDTH__ 64
#define __DECIMAL_DIG__ 36
#define __FLT64_EPSILON__ 2.22044604925031308084726333618164062e-16F64
#define __gnu_linux__ 1
#define __INTMAX_WIDTH__ 64
#define __has_include_next(STR) __has_include_next__(STR)
#define __FLT64X_MIN_10_EXP__ (-4931)
#define __LDBL_HAS_QUIET_NAN__ 1
#define __FLT16_MIN_EXP__ (-13)
#define __FLT64_MANT_DIG__ 53
#define __GNUC__ 9
#define __pie__ 2
#define __FLT_HAS_DENORM__ 1
#define __SIZEOF_LONG_DOUBLE__ 16
#define __BIGGEST_ALIGNMENT__ 16
#define __FLT64_MAX_10_EXP__ 308
#define __FLT16_MAX_10_EXP__ 4
#define __DBL_MAX__ ((double)1.79769313486231570814527423731704357e+308L)
#define __INT_FAST32_MAX__ 0x7fffffffffffffffL
#define __DBL_HAS_INFINITY__ 1
#define __HAVE_SPECULATION_SAFE_VALUE 1
#define __DEC32_MIN_EXP__ (-94)
#define __INTPTR_WIDTH__ 64
#define __FLT32X_HAS_DENORM__ 1
#define __INT_FAST16_TYPE__ long int
#define __LDBL_HAS_DENORM__ 1
#define __FLT128_HAS_INFINITY__ 1
#define __DEC128_MAX__ 9.999999999999999999999999999999999E6144DL
#define __INT_LEAST32_MAX__ 0x7fffffff
#define __DEC32_MIN__ 1E-95DF
#define __DBL_MAX_EXP__ 1024
#define __WCHAR_WIDTH__ 32
#define __FLT32_MAX__ 3.40282346638528859811704183484516925e+38F32
#define __DEC128_EPSILON__ 1E-33DL
#define __FLT16_DECIMAL_DIG__ 5
#define __PTRDIFF_MAX__ 0x7fffffffffffffffL
#define __FLT32_HAS_QUIET_NAN__ 1
#define __LONG_LONG_MAX__ 0x7fffffffffffffffLL
#define __SIZEOF_SIZE_T__ 8
#define __ARM_ALIGN_MAX_PWR 28
#define __FLT64X_MIN_EXP__ (-16381)
#define __SIZEOF_WINT_T__ 4
#define __LONG_LONG_WIDTH__ 64
#define __FLT32_MAX_EXP__ 128
#define __GCC_HAVE_DWARF2_CFI_ASM 1
#define __ARM_FP16_FORMAT_IEEE 1
#define __GXX_ABI_VERSION 1013
#define __FLT_MIN_EXP__ (-125)
#define __FLT16_MANT_DIG__ 11
#define __FLT64X_HAS_QUIET_NAN__ 1
#define __INT_FAST64_TYPE__ long int
#define __FP_FAST_FMAF 1
#define __FLT64_DENORM_MIN__ 4.94065645841246544176568792868221372e-324F64
#define __DBL_MIN__ ((double)2.22507385850720138309023271733240406e-308L)
#define __PIE__ 2
#define __FLT16_DENORM_MIN__ 5.96046447753906250000000000000000000e-8F16
#define __LP64__ 1
#define __FLT_EVAL_METHOD_C99__ 0
#define __FLT32X_EPSILON__ 2.22044604925031308084726333618164062e-16F32x
#define __FLT64_MIN_EXP__ (-1021)
#define __aarch64__ 1
#define __FLT64_MIN_10_EXP__ (-307)
#define __ARM_FP16_ARGS 1
#define __FLT16_MIN_10_EXP__ (-4)
#define __FLT64X_DECIMAL_DIG__ 36
#define __DEC128_MIN__ 1E-6143DL
#define __REGISTER_PREFIX__ 
#define __UINT16_MAX__ 0xffff
#define __DBL_HAS_DENORM__ 1
#define __FLT32_MIN__ 1.17549435082228750796873653722224568e-38F32
#define __UINT8_TYPE__ unsigned char
#define __NO_INLINE__ 1
#define __FLT_MANT_DIG__ 24
#define __LDBL_DECIMAL_DIG__ 36
#define __VERSION__ "9.4.0"
#define __UINT64_C(c) c ## UL
#define _STDC_PREDEF_H 1
#define __ARM_FEATURE_FMA 1
#define __GCC_ATOMIC_INT_LOCK_FREE 2
#define __FLT128_MAX_EXP__ 16384
#define __FLT32_MANT_DIG__ 24
#define __FLOAT_WORD_ORDER__ __ORDER_LITTLE_ENDIAN__
#define __FLT16_DIG__ 3
#define __STDC_IEC_559_COMPLEX__ 1
#define __FLT128_HAS_DENORM__ 1
#define __FLT128_DIG__ 33
#define __SCHAR_WIDTH__ 8
#define __INT32_C(c) c
#define __DEC64_EPSILON__ 1E-15DD
#define __ORDER_PDP_ENDIAN__ 3412
#define __DEC128_MIN_EXP__ (-6142)
#define __FLT32_MAX_10_EXP__ 38
#define __ARM_64BIT_STATE 1
#define __INT_FAST32_TYPE__ long int
#define __UINT_LEAST16_TYPE__ short unsigned int
#define __FLT64X_HAS_INFINITY__ 1
#define unix 1
#define __INT16_MAX__ 0x7fff
#define __SIZE_TYPE__ long unsigned int
#define __UINT64_MAX__ 0xffffffffffffffffUL
#define __FLT64X_DIG__ 33
#define __INT8_TYPE__ signed char
#define __FLT32X_MIN_EXP__ (-1021)
#define __ELF__ 1
#define __FLT_RADIX__ 2
#define __INT_LEAST16_TYPE__ short int
#define __ARM_ARCH_PROFILE 65
#define __LDBL_EPSILON__ 1.92592994438723585305597794258492732e-34L
#define __UINTMAX_C(c) c ## UL
#define __ARM_PCS_AAPCS64 1
#define __SIG_ATOMIC_MAX__ 0x7fffffff
#define __GCC_ATOMIC_WCHAR_T_LOCK_FREE 2
#define __SIZEOF_PTRDIFF_T__ 8
#define __FLT32X_MANT_DIG__ 53
#define __AARCH64EL__ 1
#define __FLT16_MAX_EXP__ 16
#define __DEC32_SUBNORMAL_MIN__ 0.000001E-95DF
#define __INT_FAST16_MAX__ 0x7fffffffffffffffL
#define __FLT64_DIG__ 15
#define __UINT_FAST32_MAX__ 0xffffffffffffffffUL
#define __UINT_LEAST64_TYPE__ long unsigned int
#define __FLT_HAS_QUIET_NAN__ 1
#define __FLT_MAX_10_EXP__ 38
#define __LONG_MAX__ 0x7fffffffffffffffL
#define __FLT64X_HAS_DENORM__ 1
#define __DEC128_SUBNORMAL_MIN__ 0.000000000000000000000000000000001E-6143DL
#define __FLT_HAS_INFINITY__ 1
#define __unix 1
#define __UINT_FAST16_TYPE__ long unsigned int
#define __DEC64_MAX__ 9.999999999999999E384DD
#define __INT_FAST32_WIDTH__ 64
#define __CHAR16_TYPE__ short unsigned int
#define __PRAGMA_REDEFINE_EXTNAME 1
#define __SIZE_WIDTH__ 64
#define __INT_LEAST16_MAX__ 0x7fff
#define __DEC64_MANT_DIG__ 16
#define __INT64_MAX__ 0x7fffffffffffffffL
#define __UINT_LEAST32_MAX__ 0xffffffffU
#define __FLT32_DENORM_MIN__ 1.40129846432481707092372958328991613e-45F32
#define __GCC_ATOMIC_LONG_LOCK_FREE 2
#define __SIG_ATOMIC_WIDTH__ 32
#define __INT_LEAST64_TYPE__ long int
#define __ARM_FEATURE_CLZ 1
#define __INT16_TYPE__ short int
#define __INT_LEAST8_TYPE__ signed char
#define __FLT16_MAX__ 6.55040000000000000000000000000000000e+4F16
#define __STDC_VERSION__ 201710L
#define __DEC32_MAX_EXP__ 97
#define __INT_FAST8_MAX__ 0x7f
#define __ARM_ARCH 8
#define __FLT128_MAX__ 1.18973149535723176508575932662800702e+4932F128
#define __INTPTR_MAX__ 0x7fffffffffffffffL
#define linux 1
#define __FLT64_HAS_QUIET_NAN__ 1
#define __FLT32_MIN_10_EXP__ (-37)
#define __FLT32X_DIG__ 15
#define __LDBL_MANT_DIG__ 113
#define __DBL_HAS_QUIET_NAN__ 1
#define __FLT64_HAS_INFINITY__ 1
#define __FLT64X_MAX__ 1.18973149535723176508575932662800702e+4932F64x
#define __FLT16_HAS_INFINITY__ 1
#define __SIG_ATOMIC_MIN__ (-__SIG_ATOMIC_MAX__ - 1)
#define __INTPTR_TYPE__ long int
#define __UINT16_TYPE__ short unsigned int
#define __WCHAR_TYPE__ unsigned int
#define __SIZEOF_FLOAT__ 4
#define __pic__ 2
#define __UINTPTR_MAX__ 0xffffffffffffffffUL
#define __ARM_ARCH_8A 1
#define __INT_FAST64_WIDTH__ 64
#define __DEC64_MIN_EXP__ (-382)
#define __FLT32_DECIMAL_DIG__ 9
#define __INT_FAST64_MAX__ 0x7fffffffffffffffL
#define __GCC_ATOMIC_TEST_AND_SET_TRUEVAL 1
#define __FLT_DIG__ 6
#define __FLT32_HAS_INFINITY__ 1
#define __FLT64X_MAX_EXP__ 16384
#define __UINT_FAST64_TYPE__ long unsigned int
#define __INT_MAX__ 0x7fffffff
#define __FLT16_HAS_QUIET_NAN__ 1
#define __INT64_TYPE__ long int
#define __FLT_MAX_EXP__ 128
#define __ORDER_BIG_ENDIAN__ 4321
#define __DBL_MANT_DIG__ 53
#define __INT_LEAST64_MAX__ 0x7fffffffffffffffL
#define __GCC_ATOMIC_CHAR16_T_LOCK_FREE 2
#define __FP_FAST_FMAF32 1
#define __DEC64_MIN__ 1E-383DD
#define __WINT_TYPE__ unsigned int
#define __UINT_LEAST32_TYPE__ unsigned int
#define __SIZEOF_SHORT__ 2
#define __LDBL_MIN_EXP__ (-16381)
#define __FLT64_MAX__ 1.79769313486231570814527423731704357e+308F64
#define __WINT_WIDTH__ 32
#define __FP_FAST_FMAF64 1
#define __INT_LEAST8_MAX__ 0x7f
#define __FLT32X_MAX_10_EXP__ 308
#define __SIZEOF_INT128__ 16
#define __FLT16_MIN__ 6.10351562500000000000000000000000000e-5F16
#define __LDBL_MAX_10_EXP__ 4932
#define __ATOMIC_RELAXED 0
#define __DBL_EPSILON__ ((double)2.22044604925031308084726333618164062e-16L)
#define __FLT128_MIN__ 3.36210314311209350626267781732175260e-4932F128
#define _LP64 1
#define __UINT8_C(c) c
#define __FLT64_MAX_EXP__ 1024
#define __INT_LEAST32_TYPE__ int
#define __SIZEOF_WCHAR_T__ 4
#define __UINT64_TYPE__ long unsigned int
#define __ARM_NEON 1
#define __FLT128_HAS_QUIET_NAN__ 1
#define __INT_FAST8_TYPE__ signed char
#define __FLT64X_MIN__ 3.36210314311209350626267781732175260e-4932F64x
#define __GNUC_STDC_INLINE__ 1
#define __FLT64_HAS_DENORM__ 1
#define __FLT32_EPSILON__ 1.19209289550781250000000000000000000e-7F32
#define __FP_FAST_FMAF32x 1
#define __FLT16_HAS_DENORM__ 1
#define __DBL_DECIMAL_DIG__ 17
#define __STDC_UTF_32__ 1
#define __INT_FAST8_WIDTH__ 8
#define __DEC_EVAL_METHOD__ 2
#define __FLT32X_MAX__ 1.79769313486231570814527423731704357e+308F32x
#define __UINT32_C(c) c ## U
#define __INTMAX_MAX__ 0x7fffffffffffffffL
#define __BYTE_ORDER__ __ORDER_LITTLE_ENDIAN__
#define __FLT_DENORM_MIN__ 1.40129846432481707092372958328991613e-45F
#define __INT8_MAX__ 0x7f
#define __LONG_WIDTH__ 64
#define __PIC__ 2
#define __UINT_FAST32_TYPE__ long unsigned int
#define __CHAR32_TYPE__ unsigned int
#define __FLT_MAX__ 3.40282346638528859811704183484516925e+38F
#define __FP_FAST_FMA 1
#define __ARM_FEATURE_NUMERIC_MAXMIN 1
#define __INT32_TYPE__ int
#define __SIZEOF_DOUBLE__ 8
#define __FLT_MIN_10_EXP__ (-37)
#define __FLT64_MIN__ 2.22507385850720138309023271733240406e-308F64
#define __INT_LEAST32_WIDTH__ 32
#define __INTMAX_TYPE__ long int
#define __DEC128_MAX_EXP__ 6145
#define __FLT32X_HAS_QUIET_NAN__ 1
#define __ATOMIC_CONSUME 1
#define __GNUC_MINOR__ 4
#define __INT_FAST16_WIDTH__ 64
#define __UINTMAX_MAX__ 0xffffffffffffffffUL
#define __DEC32_MANT_DIG__ 7
#define __FLT32X_DENORM_MIN__ 4.94065645841246544176568792868221372e-324F32x
#define __DBL_MAX_10_EXP__ 308
#define __LDBL_DENORM_MIN__ 6.47517511943802511092443895822764655e-4966L
#define __INT16_C(c) c
#define __ARM_ARCH_ISA_A64 1
#define __STDC__ 1
#define __PTRDIFF_TYPE__ long int
#define __ATOMIC_SEQ_CST 5
#define __GCC_HAVE_SYNC_COMPARE_AND_SWAP_16 1
#define __UINT32_TYPE__ unsigned int
#define __FLT32X_MIN_10_EXP__ (-307)
#define __UINTPTR_TYPE__ long unsigned int
#define __DEC64_SUBNORMAL_MIN__ 0.000000000000001E-383DD
#define __DEC128_MANT_DIG__ 34
#define __LDBL_MIN_10_EXP__ (-4931)
#define __FLT128_EPSILON__ 1.92592994438723585305597794258492732e-34F128
#define __SIZEOF_LONG_LONG__ 8
#define __FLT128_DECIMAL_DIG__ 36
#define __GCC_ATOMIC_LLONG_LOCK_FREE 2
#define __FLT32X_MIN__ 2.22507385850720138309023271733240406e-308F32x
#define __LDBL_DIG__ 33
#define __FLT_DECIMAL_DIG__ 9
#define __UINT_FAST16_MAX__ 0xffffffffffffffffUL
#define __GCC_ATOMIC_SHORT_LOCK_FREE 2
#define __INT_LEAST64_WIDTH__ 64
#define __UINT_FAST8_TYPE__ unsigned char
#define __ATOMIC_ACQ_REL 4
#define __ATOMIC_RELEASE 3

(tool ar is already loaded, skipping)
/usr/bin/g++
------------------------------------------------------
Checking for compilation flag -Wl,--soname=foo support
==>
int main() { return 0; }
<==
[1/1] Compiling [32mbuild/.conf_check_f65ca312aa3f33009f63b55f332c4bf5/test.cpp[0m

['/usr/bin/g++', '-O0', '-ggdb', '-g3', '-Wall', '-Werror', '-Wl,--soname=foo', '-DNS3_BUILD_PROFILE_DEBUG', '-DNS3_ASSERT_ENABLE', '-DNS3_LOG_ENABLE', '../test.cpp', '-c', '-o', '/home/chengh233/ns3-mmwave-relay/build/.conf_check_f65ca312aa3f33009f63b55f332c4bf5/testbuild/test.cpp.1.o']
ok
------------------------------------------------------
Checking boost includes
headers not found, please provide a --boost-includes argument (see help)
from /home/chengh233/ns3-mmwave-relay/src: The configuration failed
------------------------------------------------------
Checking boost includes
headers not found, please provide a --boost-includes argument (see help)
from /home/chengh233/ns3-mmwave-relay/src: The configuration failed
------------------------------------------------------
Checking for click location
not found
------------------------------------------------------
Checking for program 'pkg-config'
/usr/bin/pkg-config
find program=['pkg-config'] paths=['/home/chengh233/.local/bin', '/usr/local/sbin', '/usr/local/bin', '/usr/sbin', '/usr/bin', '/sbin', '/bin', '/usr/games', '/usr/local/games', '/snap/bin'] var='PKGCONFIG' -> ['/usr/bin/pkg-config']
------------------------------------------------------
Checking for 'gtk+-2.0' >= 2.12
['/usr/bin/pkg-config', '--atleast-version=2.12', 'gtk+-2.0']
not found
from /home/chengh233/ns3-mmwave-relay/src/config-store: The configuration failed
------------------------------------------------------
Checking for 'libxml-2.0' >= 2.7
['/usr/bin/pkg-config', '--atleast-version=2.7', 'libxml-2.0']
not found
from /home/chengh233/ns3-mmwave-relay/src/config-store: The configuration failed
------------------------------------------------------
Checking for type uint128_t
==>
#include <stdint.h>

int main(int argc, char **argv) {
	(void)argc; (void)argv;
	if ((uint128_t *) 0) return 0;
	if (sizeof (uint128_t)) return 0;
	return 1;
}

<==
[1/2] Compiling [32mbuild/.conf_check_acc22737341f2baae6354ba7bbfed08c/test.cpp[0m

['/usr/bin/g++', '-O0', '-ggdb', '-g3', '-Wall', '-Werror', '-std=c++11', '-DNS3_BUILD_PROFILE_DEBUG', '-DNS3_ASSERT_ENABLE', '-DNS3_LOG_ENABLE', '../test.cpp', '-c', '-o', '/home/chengh233/ns3-mmwave-relay/build/.conf_check_acc22737341f2baae6354ba7bbfed08c/testbuild/test.cpp.1.o']
err: ../test.cpp: In function ‘int main(int, char**)’:
../test.cpp:5:7: error: ‘uint128_t’ was not declared in this scope; did you mean ‘uint32_t’?
    5 |  if ((uint128_t *) 0) return 0;
      |       ^~~~~~~~~
      |       uint32_t
../test.cpp:5:18: error: expected primary-expression before ‘)’ token
    5 |  if ((uint128_t *) 0) return 0;
      |                  ^
../test.cpp:5:19: error: expected ‘)’ before numeric constant
    5 |  if ((uint128_t *) 0) return 0;
      |     ~             ^~
      |                   )
../test.cpp:6:14: error: ‘uint128_t’ was not declared in this scope; did you mean ‘uint32_t’?
    6 |  if (sizeof (uint128_t)) return 0;
      |              ^~~~~~~~~
      |              uint32_t

from /home/chengh233/ns3-mmwave-relay/src/core: Test does not build: Traceback (most recent call last):
  File "/home/chengh233/ns3-mmwave-relay/.waf-1.8.19-b1fc8f7baef51bd2db4c2971909a568d/waflib/Configure.py", line 335, in run_build
    bld.compile()
  File "/home/chengh233/ns3-mmwave-relay/.waf-1.8.19-b1fc8f7baef51bd2db4c2971909a568d/waflib/Build.py", line 185, in compile
    raise Errors.BuildError(self.producer.error)
BuildError: Build failed
 -> task in 'testprog' failed (exit status 1): 
	{task 281473017911696: cxx test.cpp -> test.cpp.1.o}
['/usr/bin/g++', '-O0', '-ggdb', '-g3', '-Wall', '-Werror', '-std=c++11', '-DNS3_BUILD_PROFILE_DEBUG', '-DNS3_ASSERT_ENABLE', '-DNS3_LOG_ENABLE', '../test.cpp', '-c', '-o', '/home/chengh233/ns3-mmwave-relay/build/.conf_check_acc22737341f2baae6354ba7bbfed08c/testbuild/test.cpp.1.o']

not found
from /home/chengh233/ns3-mmwave-relay/src/core: The configuration failed
------------------------------------------------------
Checking for type __uint128_t
==>
#include <stdint.h>

int main(int argc, char **argv) {
	(void)argc; (void)argv;
	if ((__uint128_t *) 0) return 0;
	if (sizeof (__uint128_t)) return 0;
	return 1;
}

<==
[1/2] Compiling [32mbuild/.conf_check_3ed1807756e6eeb4b868a33b3c69246d/test.cpp[0m

['/usr/bin/g++', '-O0', '-ggdb', '-g3', '-Wall', '-Werror', '-std=c++11', '-DNS3_BUILD_PROFILE_DEBUG', '-DNS3_ASSERT_ENABLE', '-DNS3_LOG_ENABLE', '../test.cpp', '-c', '-o', '/home/chengh233/ns3-mmwave-relay/build/.conf_check_3ed1807756e6eeb4b868a33b3c69246d/testbuild/test.cpp.1.o']
[2/2] Linking [33mbuild/.conf_check_3ed1807756e6eeb4b868a33b3c69246d/testbuild/testprog[0m

['/usr/bin/g++', 'test.cpp.1.o', '-o', '/home/chengh233/ns3-mmwave-relay/build/.conf_check_3ed1807756e6eeb4b868a33b3c69246d/testbuild/testprog', '-Wl,-Bstatic', '-Wl,-Bdynamic']
yes
------------------------------------------------------
Checking high precision implementation
128-bit integer (default)
------------------------------------------------------
Checking for header stdint.h
==>
#include <stdint.h>

int main(int argc, char **argv) {
	(void)argc; (void)argv;
	return 0;
}

<==
[1/2] Compiling [32mbuild/.conf_check_c1ed8cb15e7b9f3a3db5ae6f228db020/test.cpp[0m

['/usr/bin/g++', '-O0', '-ggdb', '-g3', '-Wall', '-Werror', '-std=c++11', '-DNS3_BUILD_PROFILE_DEBUG', '-DNS3_ASSERT_ENABLE', '-DNS3_LOG_ENABLE', '-DHAVE___UINT128_T=1', '-DINT64X64_USE_128=1', '../test.cpp', '-c', '-o', '/home/chengh233/ns3-mmwave-relay/build/.conf_check_c1ed8cb15e7b9f3a3db5ae6f228db020/testbuild/test.cpp.1.o']
[2/2] Linking [33mbuild/.conf_check_c1ed8cb15e7b9f3a3db5ae6f228db020/testbuild/testprog[0m

['/usr/bin/g++', 'test.cpp.1.o', '-o', '/home/chengh233/ns3-mmwave-relay/build/.conf_check_c1ed8cb15e7b9f3a3db5ae6f228db020/testbuild/testprog', '-Wl,-Bstatic', '-Wl,-Bdynamic']
yes
------------------------------------------------------
Checking for header inttypes.h
==>
#include <inttypes.h>

int main(int argc, char **argv) {
	(void)argc; (void)argv;
	return 0;
}

<==
[1/2] Compiling [32mbuild/.conf_check_bf8874cd9703199de99a5490bb254bbb/test.cpp[0m

['/usr/bin/g++', '-O0', '-ggdb', '-g3', '-Wall', '-Werror', '-std=c++11', '-DNS3_BUILD_PROFILE_DEBUG', '-DNS3_ASSERT_ENABLE', '-DNS3_LOG_ENABLE', '-DHAVE___UINT128_T=1', '-DINT64X64_USE_128=1', '-DHAVE_STDINT_H=1', '../test.cpp', '-c', '-o', '/home/chengh233/ns3-mmwave-relay/build/.conf_check_bf8874cd9703199de99a5490bb254bbb/testbuild/test.cpp.1.o']
[2/2] Linking [33mbuild/.conf_check_bf8874cd9703199de99a5490bb254bbb/testbuild/testprog[0m

['/usr/bin/g++', 'test.cpp.1.o', '-o', '/home/chengh233/ns3-mmwave-relay/build/.conf_check_bf8874cd9703199de99a5490bb254bbb/testbuild/testprog', '-Wl,-Bstatic', '-Wl,-Bdynamic']
yes
------------------------------------------------------
Checking for header sys/inttypes.h
==>
#include <sys/inttypes.h>

int main(int argc, char **argv) {
	(void)argc; (void)argv;
	return 0;
}

<==
[1/2] Compiling [32mbuild/.conf_check_ec159f6d37e176bc31421a15a9ef2f60/test.cpp[0m

['/usr/bin/g++', '-O0', '-ggdb', '-g3', '-Wall', '-Werror', '-std=c++11', '-DNS3_BUILD_PROFILE_DEBUG', '-DNS3_ASSERT_ENABLE', '-DNS3_LOG_ENABLE', '-DHAVE___UINT128_T=1', '-DINT64X64_USE_128=1', '-DHAVE_STDINT_H=1', '-DHAVE_INTTYPES_H=1', '../test.cpp', '-c', '-o', '/home/chengh233/ns3-mmwave-relay/build/.conf_check_ec159f6d37e176bc31421a15a9ef2f60/testbuild/test.cpp.1.o']
err: ../test.cpp:1:10: fatal error: sys/inttypes.h: No such file or directory
    1 | #include <sys/inttypes.h>
      |          ^~~~~~~~~~~~~~~~
compilation terminated.

from /home/chengh233/ns3-mmwave-relay/src/core: Test does not build: Traceback (most recent call last):
  File "/home/chengh233/ns3-mmwave-relay/.waf-1.8.19-b1fc8f7baef51bd2db4c2971909a568d/waflib/Configure.py", line 335, in run_build
    bld.compile()
  File "/home/chengh233/ns3-mmwave-relay/.waf-1.8.19-b1fc8f7baef51bd2db4c2971909a568d/waflib/Build.py", line 185, in compile
    raise Errors.BuildError(self.producer.error)
BuildError: Build failed
 -> task in 'testprog' failed (exit status 1): 
	{task 281473017308240: cxx test.cpp -> test.cpp.1.o}
['/usr/bin/g++', '-O0', '-ggdb', '-g3', '-Wall', '-Werror', '-std=c++11', '-DNS3_BUILD_PROFILE_DEBUG', '-DNS3_ASSERT_ENABLE', '-DNS3_LOG_ENABLE', '-DHAVE___UINT128_T=1', '-DINT64X64_USE_128=1', '-DHAVE_STDINT_H=1', '-DHAVE_INTTYPES_H=1', '../test.cpp', '-c', '-o', '/home/chengh233/ns3-mmwave-relay/build/.conf_check_ec159f6d37e176bc31421a15a9ef2f60/testbuild/test.cpp.1.o']

not found
from /home/chengh233/ns3-mmwave-relay/src/core: The configuration failed
------------------------------------------------------
Checking for header sys/types.h
==>
#include <sys/types.h>

int main(int argc, char **argv) {
	(void)argc; (void)argv;
	return 0;
}

<==
[1/2] Compiling [32mbuild/.conf_check_2d2a08cf81daba41adb42f0ccc1690f8/test.cpp[0m

['/usr/bin/g++', '-O0', '-ggdb', '-g3', '-Wall', '-Werror', '-std=c++11', '-DNS3_BUILD_PROFILE_DEBUG', '-DNS3_ASSERT_ENABLE', '-DNS3_LOG_ENABLE', '-DHAVE___UINT128_T=1', '-DINT64X64_USE_128=1', '-DHAVE_STDINT_H=1', '-DHAVE_INTTYPES_H=1', '../test.cpp', '-c', '-o', '/home/chengh233/ns3-mmwave-relay/build/.conf_check_2d2a08cf81daba41adb42f0ccc1690f8/testbuild/test.cpp.1.o']
[2/2] Linking [33mbuild/.conf_check_2d2a08cf81daba41adb42f0ccc1690f8/testbuild/testprog[0m

['/usr/bin/g++', 'test.cpp.1.o', '-o', '/home/chengh233/ns3-mmwave-relay/build/.conf_check_2d2a08cf81daba41adb42f0ccc1690f8/testbuild/testprog', '-Wl,-Bstatic', '-Wl,-Bdynamic']
yes
------------------------------------------------------
Checking for header sys/stat.h
==>
#include <sys/stat.h>

int main(int argc, char **argv) {
	(void)argc; (void)argv;
	return 0;
}

<==
[1/2] Compiling [32mbuild/.conf_check_38d3712f0a73f9dc3c0254fa8c7c0908/test.cpp[0m

['/usr/bin/g++', '-O0', '-ggdb', '-g3', '-Wall', '-Werror', '-std=c++11', '-DNS3_BUILD_PROFILE_DEBUG', '-DNS3_ASSERT_ENABLE', '-DNS3_LOG_ENABLE', '-DHAVE___UINT128_T=1', '-DINT64X64_USE_128=1', '-DHAVE_STDINT_H=1', '-DHAVE_INTTYPES_H=1', '-DHAVE_SYS_TYPES_H=1', '../test.cpp', '-c', '-o', '/home/chengh233/ns3-mmwave-relay/build/.conf_check_38d3712f0a73f9dc3c0254fa8c7c0908/testbuild/test.cpp.1.o']
[2/2] Linking [33mbuild/.conf_check_38d3712f0a73f9dc3c0254fa8c7c0908/testbuild/testprog[0m

['/usr/bin/g++', 'test.cpp.1.o', '-o', '/home/chengh233/ns3-mmwave-relay/build/.conf_check_38d3712f0a73f9dc3c0254fa8c7c0908/testbuild/testprog', '-Wl,-Bstatic', '-Wl,-Bdynamic']
yes
------------------------------------------------------
Checking for header dirent.h
==>
#include <dirent.h>

int main(int argc, char **argv) {
	(void)argc; (void)argv;
	return 0;
}

<==
[1/2] Compiling [32mbuild/.conf_check_c8986cb7d6ac213c265b6afaee05aa11/test.cpp[0m

['/usr/bin/g++', '-O0', '-ggdb', '-g3', '-Wall', '-Werror', '-std=c++11', '-DNS3_BUILD_PROFILE_DEBUG', '-DNS3_ASSERT_ENABLE', '-DNS3_LOG_ENABLE', '-DHAVE___UINT128_T=1', '-DINT64X64_USE_128=1', '-DHAVE_STDINT_H=1', '-DHAVE_INTTYPES_H=1', '-DHAVE_SYS_TYPES_H=1', '-DHAVE_SYS_STAT_H=1', '../test.cpp', '-c', '-o', '/home/chengh233/ns3-mmwave-relay/build/.conf_check_c8986cb7d6ac213c265b6afaee05aa11/testbuild/test.cpp.1.o']
[2/2] Linking [33mbuild/.conf_check_c8986cb7d6ac213c265b6afaee05aa11/testbuild/testprog[0m

['/usr/bin/g++', 'test.cpp.1.o', '-o', '/home/chengh233/ns3-mmwave-relay/build/.conf_check_c8986cb7d6ac213c265b6afaee05aa11/testbuild/testprog', '-Wl,-Bstatic', '-Wl,-Bdynamic']
yes
------------------------------------------------------
Checking for header stdlib.h
==>
#include <stdlib.h>

int main(int argc, char **argv) {
	(void)argc; (void)argv;
	return 0;
}

<==
[1/2] Compiling [32mbuild/.conf_check_ac9e6d361bfc0dca010f27cc3b3a2734/test.cpp[0m

['/usr/bin/g++', '-O0', '-ggdb', '-g3', '-Wall', '-Werror', '-std=c++11', '-DNS3_BUILD_PROFILE_DEBUG', '-DNS3_ASSERT_ENABLE', '-DNS3_LOG_ENABLE', '-DHAVE___UINT128_T=1', '-DINT64X64_USE_128=1', '-DHAVE_STDINT_H=1', '-DHAVE_INTTYPES_H=1', '-DHAVE_SYS_TYPES_H=1', '-DHAVE_SYS_STAT_H=1', '-DHAVE_DIRENT_H=1', '../test.cpp', '-c', '-o', '/home/chengh233/ns3-mmwave-relay/build/.conf_check_ac9e6d361bfc0dca010f27cc3b3a2734/testbuild/test.cpp.1.o']
[2/2] Linking [33mbuild/.conf_check_ac9e6d361bfc0dca010f27cc3b3a2734/testbuild/testprog[0m

['/usr/bin/g++', 'test.cpp.1.o', '-o', '/home/chengh233/ns3-mmwave-relay/build/.conf_check_ac9e6d361bfc0dca010f27cc3b3a2734/testbuild/testprog', '-Wl,-Bstatic', '-Wl,-Bdynamic']
yes
------------------------------------------------------
Checking for header signal.h
==>
#include <signal.h>

int main(int argc, char **argv) {
	(void)argc; (void)argv;
	return 0;
}

<==
[1/2] Compiling [32mbuild/.conf_check_7d0ba9f6484b5688e2b2c3f0bf21a2cb/test.cpp[0m

['/usr/bin/g++', '-O0', '-ggdb', '-g3', '-Wall', '-Werror', '-std=c++11', '-DNS3_BUILD_PROFILE_DEBUG', '-DNS3_ASSERT_ENABLE', '-DNS3_LOG_ENABLE', '-DHAVE___UINT128_T=1', '-DINT64X64_USE_128=1', '-DHAVE_STDINT_H=1', '-DHAVE_INTTYPES_H=1', '-DHAVE_SYS_TYPES_H=1', '-DHAVE_SYS_STAT_H=1', '-DHAVE_DIRENT_H=1', '-DHAVE_STDLIB_H=1', '-DHAVE_GETENV=1', '../test.cpp', '-c', '-o', '/home/chengh233/ns3-mmwave-relay/build/.conf_check_7d0ba9f6484b5688e2b2c3f0bf21a2cb/testbuild/test.cpp.1.o']
[2/2] Linking [33mbuild/.conf_check_7d0ba9f6484b5688e2b2c3f0bf21a2cb/testbuild/testprog[0m

['/usr/bin/g++', 'test.cpp.1.o', '-o', '/home/chengh233/ns3-mmwave-relay/build/.conf_check_7d0ba9f6484b5688e2b2c3f0bf21a2cb/testbuild/testprog', '-Wl,-Bstatic', '-Wl,-Bdynamic']
yes
------------------------------------------------------
Checking for header pthread.h
==>

#include <pthread.h>
int main ()
{
   pthread_mutex_t m;
   pthread_mutex_init (&m, NULL);
   return 0;
}

<==
[1/2] Compiling [32mbuild/.conf_check_f4cf8297c5cadd52a4717aa59e0cc9f9/test.cpp[0m

['/usr/bin/g++', '-O0', '-ggdb', '-g3', '-Wall', '-Werror', '-std=c++11', '-pthread', '-DNS3_BUILD_PROFILE_DEBUG', '-DNS3_ASSERT_ENABLE', '-DNS3_LOG_ENABLE', '-DHAVE___UINT128_T=1', '-DINT64X64_USE_128=1', '-DHAVE_STDINT_H=1', '-DHAVE_INTTYPES_H=1', '-DHAVE_SYS_TYPES_H=1', '-DHAVE_SYS_STAT_H=1', '-DHAVE_DIRENT_H=1', '-DHAVE_STDLIB_H=1', '-DHAVE_GETENV=1', '-DHAVE_SIGNAL_H=1', '../test.cpp', '-c', '-o', '/home/chengh233/ns3-mmwave-relay/build/.conf_check_f4cf8297c5cadd52a4717aa59e0cc9f9/testbuild/test.cpp.1.o']
[2/2] Linking [33mbuild/.conf_check_f4cf8297c5cadd52a4717aa59e0cc9f9/testbuild/testprog[0m

['/usr/bin/g++', '-pthread', 'test.cpp.1.o', '-o', '/home/chengh233/ns3-mmwave-relay/build/.conf_check_f4cf8297c5cadd52a4717aa59e0cc9f9/testbuild/testprog', '-Wl,-Bstatic', '-Wl,-Bdynamic']
yes
------------------------------------------------------
Checking for header stdint.h
==>
#include <stdint.h>

int main(int argc, char **argv) {
	(void)argc; (void)argv;
	return 0;
}

<==
[1/2] Compiling [32mbuild/.conf_check_c1ed8cb15e7b9f3a3db5ae6f228db020/test.cpp[0m

['/usr/bin/g++', '-O0', '-ggdb', '-g3', '-Wall', '-Werror', '-std=c++11', '-DNS3_BUILD_PROFILE_DEBUG', '-DNS3_ASSERT_ENABLE', '-DNS3_LOG_ENABLE', '-DHAVE___UINT128_T=1', '-DINT64X64_USE_128=1', '-DHAVE_INTTYPES_H=1', '-DHAVE_SYS_TYPES_H=1', '-DHAVE_SYS_STAT_H=1', '-DHAVE_DIRENT_H=1', '-DHAVE_STDLIB_H=1', '-DHAVE_GETENV=1', '-DHAVE_SIGNAL_H=1', '-DHAVE_PTHREAD_H=1', '../test.cpp', '-c', '-o', '/home/chengh233/ns3-mmwave-relay/build/.conf_check_c1ed8cb15e7b9f3a3db5ae6f228db020/testbuild/test.cpp.1.o']
[2/2] Linking [33mbuild/.conf_check_c1ed8cb15e7b9f3a3db5ae6f228db020/testbuild/testprog[0m

['/usr/bin/g++', 'test.cpp.1.o', '-o', '/home/chengh233/ns3-mmwave-relay/build/.conf_check_c1ed8cb15e7b9f3a3db5ae6f228db020/testbuild/testprog', '-Wl,-Bstatic', '-Wl,-Bdynamic']
yes
------------------------------------------------------
Checking for header inttypes.h
==>
#include <inttypes.h>

int main(int argc, char **argv) {
	(void)argc; (void)argv;
	return 0;
}

<==
[1/2] Compiling [32mbuild/.conf_check_bf8874cd9703199de99a5490bb254bbb/test.cpp[0m

['/usr/bin/g++', '-O0', '-ggdb', '-g3', '-Wall', '-Werror', '-std=c++11', '-DNS3_BUILD_PROFILE_DEBUG', '-DNS3_ASSERT_ENABLE', '-DNS3_LOG_ENABLE', '-DHAVE___UINT128_T=1', '-DINT64X64_USE_128=1', '-DHAVE_SYS_TYPES_H=1', '-DHAVE_SYS_STAT_H=1', '-DHAVE_DIRENT_H=1', '-DHAVE_STDLIB_H=1', '-DHAVE_GETENV=1', '-DHAVE_SIGNAL_H=1', '-DHAVE_PTHREAD_H=1', '-DHAVE_STDINT_H=1', '../test.cpp', '-c', '-o', '/home/chengh233/ns3-mmwave-relay/build/.conf_check_bf8874cd9703199de99a5490bb254bbb/testbuild/test.cpp.1.o']
[2/2] Linking [33mbuild/.conf_check_bf8874cd9703199de99a5490bb254bbb/testbuild/testprog[0m

['/usr/bin/g++', 'test.cpp.1.o', '-o', '/home/chengh233/ns3-mmwave-relay/build/.conf_check_bf8874cd9703199de99a5490bb254bbb/testbuild/testprog', '-Wl,-Bstatic', '-Wl,-Bdynamic']
yes
------------------------------------------------------
Checking for header sys/inttypes.h
==>
#include <sys/inttypes.h>

int main(int argc, char **argv) {
	(void)argc; (void)argv;
	return 0;
}

<==
[1/2] Compiling [32mbuild/.conf_check_ec159f6d37e176bc31421a15a9ef2f60/test.cpp[0m

['/usr/bin/g++', '-O0', '-ggdb', '-g3', '-Wall', '-Werror', '-std=c++11', '-DNS3_BUILD_PROFILE_DEBUG', '-DNS3_ASSERT_ENABLE', '-DNS3_LOG_ENABLE', '-DHAVE___UINT128_T=1', '-DINT64X64_USE_128=1', '-DHAVE_SYS_TYPES_H=1', '-DHAVE_SYS_STAT_H=1', '-DHAVE_DIRENT_H=1', '-DHAVE_STDLIB_H=1', '-DHAVE_GETENV=1', '-DHAVE_SIGNAL_H=1', '-DHAVE_PTHREAD_H=1', '-DHAVE_STDINT_H=1', '-DHAVE_INTTYPES_H=1', '../test.cpp', '-c', '-o', '/home/chengh233/ns3-mmwave-relay/build/.conf_check_ec159f6d37e176bc31421a15a9ef2f60/testbuild/test.cpp.1.o']
err: ../test.cpp:1:10: fatal error: sys/inttypes.h: No such file or directory
    1 | #include <sys/inttypes.h>
      |          ^~~~~~~~~~~~~~~~
compilation terminated.

from /home/chengh233/ns3-mmwave-relay/src/core: Test does not build: Traceback (most recent call last):
  File "/home/chengh233/ns3-mmwave-relay/.waf-1.8.19-b1fc8f7baef51bd2db4c2971909a568d/waflib/Configure.py", line 335, in run_build
    bld.compile()
  File "/home/chengh233/ns3-mmwave-relay/.waf-1.8.19-b1fc8f7baef51bd2db4c2971909a568d/waflib/Build.py", line 185, in compile
    raise Errors.BuildError(self.producer.error)
BuildError: Build failed
 -> task in 'testprog' failed (exit status 1): 
	{task 281473017424720: cxx test.cpp -> test.cpp.1.o}
['/usr/bin/g++', '-O0', '-ggdb', '-g3', '-Wall', '-Werror', '-std=c++11', '-DNS3_BUILD_PROFILE_DEBUG', '-DNS3_ASSERT_ENABLE', '-DNS3_LOG_ENABLE', '-DHAVE___UINT128_T=1', '-DINT64X64_USE_128=1', '-DHAVE_SYS_TYPES_H=1', '-DHAVE_SYS_STAT_H=1', '-DHAVE_DIRENT_H=1', '-DHAVE_STDLIB_H=1', '-DHAVE_GETENV=1', '-DHAVE_SIGNAL_H=1', '-DHAVE_PTHREAD_H=1', '-DHAVE_STDINT_H=1', '-DHAVE_INTTYPES_H=1', '../test.cpp', '-c', '-o', '/home/chengh233/ns3-mmwave-relay/build/.conf_check_ec159f6d37e176bc31421a15a9ef2f60/testbuild/test.cpp.1.o']

not found
from /home/chengh233/ns3-mmwave-relay/src/core: The configuration failed
------------------------------------------------------
Checking for library rt
==>

int main(int argc, char **argv) {
	(void)argc; (void)argv;
	return 0;
}

<==
[1/2] Compiling [32mbuild/.conf_check_4edd068c5c424fee0f5e34c8ed70a61e/test.cpp[0m

['/usr/bin/g++', '-O0', '-ggdb', '-g3', '-Wall', '-Werror', '-std=c++11', '-pthread', '-DNS3_BUILD_PROFILE_DEBUG', '-DNS3_ASSERT_ENABLE', '-DNS3_LOG_ENABLE', '-DHAVE___UINT128_T=1', '-DINT64X64_USE_128=1', '-DHAVE_SYS_TYPES_H=1', '-DHAVE_SYS_STAT_H=1', '-DHAVE_DIRENT_H=1', '-DHAVE_STDLIB_H=1', '-DHAVE_GETENV=1', '-DHAVE_SIGNAL_H=1', '-DHAVE_PTHREAD_H=1', '-DHAVE_STDINT_H=1', '-DHAVE_INTTYPES_H=1', '../test.cpp', '-c', '-o', '/home/chengh233/ns3-mmwave-relay/build/.conf_check_4edd068c5c424fee0f5e34c8ed70a61e/testbuild/test.cpp.1.o']
[2/2] Linking [33mbuild/.conf_check_4edd068c5c424fee0f5e34c8ed70a61e/testbuild/testprog[0m

['/usr/bin/g++', '-pthread', 'test.cpp.1.o', '-o', '/home/chengh233/ns3-mmwave-relay/build/.conf_check_4edd068c5c424fee0f5e34c8ed70a61e/testbuild/testprog', '-Wl,-Bstatic', '-Wl,-Bdynamic', '-lrt']
yes
------------------------------------------------------
Checking for header sys/ioctl.h
==>
#include <sys/ioctl.h>

int main(int argc, char **argv) {
	(void)argc; (void)argv;
	return 0;
}

<==
[1/2] Compiling [32mbuild/.conf_check_fb828da7957e86b57eaf7a6dce2ab530/test.cpp[0m

['/usr/bin/g++', '-O0', '-ggdb', '-g3', '-Wall', '-Werror', '-std=c++11', '-DNS3_BUILD_PROFILE_DEBUG', '-DNS3_ASSERT_ENABLE', '-DNS3_LOG_ENABLE', '../test.cpp', '-c', '-o', '/home/chengh233/ns3-mmwave-relay/build/.conf_check_fb828da7957e86b57eaf7a6dce2ab530/testbuild/test.cpp.1.o']
[2/2] Linking [33mbuild/.conf_check_fb828da7957e86b57eaf7a6dce2ab530/testbuild/testprog[0m

['/usr/bin/g++', 'test.cpp.1.o', '-o', '/home/chengh233/ns3-mmwave-relay/build/.conf_check_fb828da7957e86b57eaf7a6dce2ab530/testbuild/testprog', '-Wl,-Bstatic', '-Wl,-Bdynamic']
yes
------------------------------------------------------
Checking for header net/if.h
==>
#include <net/if.h>

int main(int argc, char **argv) {
	(void)argc; (void)argv;
	return 0;
}

<==
[1/2] Compiling [32mbuild/.conf_check_26f1eec558c11cd7efb68e8e9e2dce3d/test.cpp[0m

['/usr/bin/g++', '-O0', '-ggdb', '-g3', '-Wall', '-Werror', '-std=c++11', '-DNS3_BUILD_PROFILE_DEBUG', '-DNS3_ASSERT_ENABLE', '-DNS3_LOG_ENABLE', '-DHAVE_SYS_IOCTL_H=1', '../test.cpp', '-c', '-o', '/home/chengh233/ns3-mmwave-relay/build/.conf_check_26f1eec558c11cd7efb68e8e9e2dce3d/testbuild/test.cpp.1.o']
[2/2] Linking [33mbuild/.conf_check_26f1eec558c11cd7efb68e8e9e2dce3d/testbuild/testprog[0m

['/usr/bin/g++', 'test.cpp.1.o', '-o', '/home/chengh233/ns3-mmwave-relay/build/.conf_check_26f1eec558c11cd7efb68e8e9e2dce3d/testbuild/testprog', '-Wl,-Bstatic', '-Wl,-Bdynamic']
yes
------------------------------------------------------
Checking for header net/ethernet.h
==>
#include <net/ethernet.h>

int main(int argc, char **argv) {
	(void)argc; (void)argv;
	return 0;
}

<==
[1/2] Compiling [32mbuild/.conf_check_34630306a63accfe7c2dd91e52d59b94/test.cpp[0m

['/usr/bin/g++', '-O0', '-ggdb', '-g3', '-Wall', '-Werror', '-std=c++11', '-DNS3_BUILD_PROFILE_DEBUG', '-DNS3_ASSERT_ENABLE', '-DNS3_LOG_ENABLE', '-DHAVE_SYS_IOCTL_H=1', '-DHAVE_IF_NETS_H=1', '../test.cpp', '-c', '-o', '/home/chengh233/ns3-mmwave-relay/build/.conf_check_34630306a63accfe7c2dd91e52d59b94/testbuild/test.cpp.1.o']
[2/2] Linking [33mbuild/.conf_check_34630306a63accfe7c2dd91e52d59b94/testbuild/testprog[0m

['/usr/bin/g++', 'test.cpp.1.o', '-o', '/home/chengh233/ns3-mmwave-relay/build/.conf_check_34630306a63accfe7c2dd91e52d59b94/testbuild/testprog', '-Wl,-Bstatic', '-Wl,-Bdynamic']
yes
------------------------------------------------------
Checking for header linux/if_tun.h
==>
#include <linux/if_tun.h>

int main(int argc, char **argv) {
	(void)argc; (void)argv;
	return 0;
}

<==
[1/2] Compiling [32mbuild/.conf_check_d4b1ab1651dc970a5455298e785222a0/test.cpp[0m

['/usr/bin/g++', '-O0', '-ggdb', '-g3', '-Wall', '-Werror', '-std=c++11', '-DNS3_BUILD_PROFILE_DEBUG', '-DNS3_ASSERT_ENABLE', '-DNS3_LOG_ENABLE', '-DHAVE_SYS_IOCTL_H=1', '-DHAVE_IF_NETS_H=1', '-DHAVE_NET_ETHERNET_H=1', '../test.cpp', '-c', '-o', '/home/chengh233/ns3-mmwave-relay/build/.conf_check_d4b1ab1651dc970a5455298e785222a0/testbuild/test.cpp.1.o']
[2/2] Linking [33mbuild/.conf_check_d4b1ab1651dc970a5455298e785222a0/testbuild/testprog[0m

['/usr/bin/g++', 'test.cpp.1.o', '-o', '/home/chengh233/ns3-mmwave-relay/build/.conf_check_d4b1ab1651dc970a5455298e785222a0/testbuild/testprog', '-Wl,-Bstatic', '-Wl,-Bdynamic']
yes
------------------------------------------------------
Checking for header netpacket/packet.h
==>
#include <netpacket/packet.h>

int main(int argc, char **argv) {
	(void)argc; (void)argv;
	return 0;
}

<==
[1/2] Compiling [32mbuild/.conf_check_7ae13151e058f7fcb33ccb6044f9e8ba/test.cpp[0m

['/usr/bin/g++', '-O0', '-ggdb', '-g3', '-Wall', '-Werror', '-std=c++11', '-DNS3_BUILD_PROFILE_DEBUG', '-DNS3_ASSERT_ENABLE', '-DNS3_LOG_ENABLE', '-DHAVE_SYS_IOCTL_H=1', '-DHAVE_IF_NETS_H=1', '-DHAVE_NET_ETHERNET_H=1', '-DHAVE_IF_TUN_H=1', '../test.cpp', '-c', '-o', '/home/chengh233/ns3-mmwave-relay/build/.conf_check_7ae13151e058f7fcb33ccb6044f9e8ba/testbuild/test.cpp.1.o']
[2/2] Linking [33mbuild/.conf_check_7ae13151e058f7fcb33ccb6044f9e8ba/testbuild/testprog[0m

['/usr/bin/g++', 'test.cpp.1.o', '-o', '/home/chengh233/ns3-mmwave-relay/build/.conf_check_7ae13151e058f7fcb33ccb6044f9e8ba/testbuild/testprog', '-Wl,-Bstatic', '-Wl,-Bdynamic']
yes
------------------------------------------------------
Checking for NSC location
not found
------------------------------------------------------
Checking for 'sqlite3'
['/usr/bin/pkg-config', '--cflags', '--libs', 'sqlite3']
err: Package sqlite3 was not found in the pkg-config search path.
Perhaps you should add the directory containing `sqlite3.pc'
to the PKG_CONFIG_PATH environment variable
No package 'sqlite3' found

not found
from /home/chengh233/ns3-mmwave-relay/src/stats: The configuration failed
------------------------------------------------------
Checking for header linux/if_tun.h
==>
#include <linux/if_tun.h>

int main(int argc, char **argv) {
	(void)argc; (void)argv;
	return 0;
}

<==
[1/2] Compiling [32mbuild/.conf_check_d4b1ab1651dc970a5455298e785222a0/test.cpp[0m

['/usr/bin/g++', '-O0', '-ggdb', '-g3', '-Wall', '-Werror', '-std=c++11', '-DNS3_BUILD_PROFILE_DEBUG', '-DNS3_ASSERT_ENABLE', '-DNS3_LOG_ENABLE', '-DHAVE_SYS_IOCTL_H=1', '-DHAVE_IF_NETS_H=1', '-DHAVE_NET_ETHERNET_H=1', '-DHAVE_PACKET_H=1', '../test.cpp', '-c', '-o', '/home/chengh233/ns3-mmwave-relay/build/.conf_check_d4b1ab1651dc970a5455298e785222a0/testbuild/test.cpp.1.o']
[2/2] Linking [33mbuild/.conf_check_d4b1ab1651dc970a5455298e785222a0/testbuild/testprog[0m

['/usr/bin/g++', 'test.cpp.1.o', '-o', '/home/chengh233/ns3-mmwave-relay/build/.conf_check_d4b1ab1651dc970a5455298e785222a0/testbuild/testprog', '-Wl,-Bstatic', '-Wl,-Bdynamic']
yes
(tool boost is already loaded, skipping)
------------------------------------------------------
Checking boost includes
headers not found, please provide a --boost-includes argument (see help)
from /home/chengh233/ns3-mmwave-relay/contrib: The configuration failed
------------------------------------------------------
Checking boost includes
headers not found, please provide a --boost-includes argument (see help)
from /home/chengh233/ns3-mmwave-relay/contrib: The configuration failed
------------------------------------------------------
Checking for program 'sudo'
/usr/bin/sudo
find program=['sudo'] paths=['/home/chengh233/.local/bin', '/usr/local/sbin', '/usr/local/bin', '/usr/sbin', '/usr/bin', '/sbin', '/bin', '/usr/games', '/usr/local/games', '/snap/bin'] var='SUDO' -> ['/usr/bin/sudo']
------------------------------------------------------
Checking for program 'valgrind'
not found
find program=['valgrind'] paths=['/home/chengh233/.local/bin', '/usr/local/sbin', '/usr/local/bin', '/usr/sbin', '/usr/bin', '/sbin', '/bin', '/usr/games', '/usr/local/games', '/snap/bin'] var='VALGRIND' -> None
from /home/chengh233/ns3-mmwave-relay: Could not find the program ['valgrind']
------------------------------------------------------
Checking for 'gsl'
['/usr/bin/pkg-config', '--cflags', '--libs', 'gsl']
err: Package gsl was not found in the pkg-config search path.
Perhaps you should add the directory containing `gsl.pc'
to the PKG_CONFIG_PATH environment variable
No package 'gsl' found

not found
from /home/chengh233/ns3-mmwave-relay: The configuration failed
------------------------------------------------------
python-config
not found
find program=['libgcrypt-config'] paths=['/home/chengh233/.local/bin', '/usr/local/sbin', '/usr/local/bin', '/usr/sbin', '/usr/bin', '/sbin', '/bin', '/usr/games', '/usr/local/games', '/snap/bin'] var='LIBGCRYPT_CONFIG' -> None
from /home/chengh233/ns3-mmwave-relay: Could not find the program ['libgcrypt-config']
----------------------------------------------------------------
Checking for compilation flag -Wno-error=deprecated-d... support
==>
int main() { return 0; }
<==
[1/1] Compiling [32mbuild/.conf_check_f65ca312aa3f33009f63b55f332c4bf5/test.cpp[0m

['/usr/bin/g++', '-O0', '-ggdb', '-g3', '-Wall', '-Werror', '-std=c++11', '-Wno-error=deprecated-declarations', '-DNS3_BUILD_PROFILE_DEBUG', '-DNS3_ASSERT_ENABLE', '-DNS3_LOG_ENABLE', '-DHAVE_SYS_IOCTL_H=1', '-DHAVE_IF_NETS_H=1', '-DHAVE_NET_ETHERNET_H=1', '-DHAVE_PACKET_H=1', '-DHAVE_IF_TUN_H=1', '../test.cpp', '-c', '-o', '/home/chengh233/ns3-mmwave-relay/build/.conf_check_f65ca312aa3f33009f63b55f332c4bf5/testbuild/test.cpp.1.o']
ok
----------------------------------------------------------------
Checking for compilation flag -Wno-error=deprecated-d... support
==>
int main() { return 0; }
<==
[1/1] Compiling [32mbuild/.conf_check_020f1933c60fc92fd5feea8faf173b9c/test.c[0m

['/usr/bin/gcc', '-Wno-error=deprecated-declarations', '-DNS3_BUILD_PROFILE_DEBUG', '-DNS3_ASSERT_ENABLE', '-DNS3_LOG_ENABLE', '-DHAVE_SYS_IOCTL_H=1', '-DHAVE_IF_NETS_H=1', '-DHAVE_NET_ETHERNET_H=1', '-DHAVE_PACKET_H=1', '-DHAVE_IF_TUN_H=1', '../test.c', '-c', '-o', '/home/chengh233/ns3-mmwave-relay/build/.conf_check_020f1933c60fc92fd5feea8faf173b9c/testbuild/test.c.1.o']
ok
----------------------------------------------------------------
Checking for compilation flag -fstrict-aliasing support
==>
int main() { return 0; }
<==
[1/1] Compiling [32mbuild/.conf_check_f65ca312aa3f33009f63b55f332c4bf5/test.cpp[0m

['/usr/bin/g++', '-O0', '-ggdb', '-g3', '-Wall', '-Werror', '-std=c++11', '-Wno-error=deprecated-declarations', '-fstrict-aliasing', '-DNS3_BUILD_PROFILE_DEBUG', '-DNS3_ASSERT_ENABLE', '-DNS3_LOG_ENABLE', '-DHAVE_SYS_IOCTL_H=1', '-DHAVE_IF_NETS_H=1', '-DHAVE_NET_ETHERNET_H=1', '-DHAVE_PACKET_H=1', '-DHAVE_IF_TUN_H=1', '../test.cpp', '-c', '-o', '/home/chengh233/ns3-mmwave-relay/build/.conf_check_f65ca312aa3f33009f63b55f332c4bf5/testbuild/test.cpp.1.o']
ok
----------------------------------------------------------------
Checking for compilation flag -fstrict-aliasing support
==>
int main() { return 0; }
<==
[1/1] Compiling [32mbuild/.conf_check_020f1933c60fc92fd5feea8faf173b9c/test.c[0m

['/usr/bin/gcc', '-fstrict-aliasing', '-DNS3_BUILD_PROFILE_DEBUG', '-DNS3_ASSERT_ENABLE', '-DNS3_LOG_ENABLE', '-DHAVE_SYS_IOCTL_H=1', '-DHAVE_IF_NETS_H=1', '-DHAVE_NET_ETHERNET_H=1', '-DHAVE_PACKET_H=1', '-DHAVE_IF_TUN_H=1', '../test.c', '-c', '-o', '/home/chengh233/ns3-mmwave-relay/build/.conf_check_020f1933c60fc92fd5feea8faf173b9c/testbuild/test.c.1.o']
ok
----------------------------------------------------------------
Checking for compilation flag -Wstrict-aliasing support
==>
int main() { return 0; }
<==
[1/1] Compiling [32mbuild/.conf_check_f65ca312aa3f33009f63b55f332c4bf5/test.cpp[0m

['/usr/bin/g++', '-O0', '-ggdb', '-g3', '-Wall', '-Werror', '-std=c++11', '-Wno-error=deprecated-declarations', '-fstrict-aliasing', '-Wstrict-aliasing', '-DNS3_BUILD_PROFILE_DEBUG', '-DNS3_ASSERT_ENABLE', '-DNS3_LOG_ENABLE', '-DHAVE_SYS_IOCTL_H=1', '-DHAVE_IF_NETS_H=1', '-DHAVE_NET_ETHERNET_H=1', '-DHAVE_PACKET_H=1', '-DHAVE_IF_TUN_H=1', '../test.cpp', '-c', '-o', '/home/chengh233/ns3-mmwave-relay/build/.conf_check_f65ca312aa3f33009f63b55f332c4bf5/testbuild/test.cpp.1.o']
ok
----------------------------------------------------------------
Checking for compilation flag -Wstrict-aliasing support
==>
int main() { return 0; }
<==
[1/1] Compiling [32mbuild/.conf_check_020f1933c60fc92fd5feea8faf173b9c/test.c[0m

['/usr/bin/gcc', '-Wstrict-aliasing', '-DNS3_BUILD_PROFILE_DEBUG', '-DNS3_ASSERT_ENABLE', '-DNS3_LOG_ENABLE', '-DHAVE_SYS_IOCTL_H=1', '-DHAVE_IF_NETS_H=1', '-DHAVE_NET_ETHERNET_H=1', '-DHAVE_PACKET_H=1', '-DHAVE_IF_TUN_H=1', '../test.c', '-c', '-o', '/home/chengh233/ns3-mmwave-relay/build/.conf_check_020f1933c60fc92fd5feea8faf173b9c/testbuild/test.c.1.o']
ok
----------------------------------------------------------------
Checking for program 'doxygen'
not found
find program=['doxygen'] paths=['/home/chengh233/.local/bin', '/usr/local/sbin', '/usr/local/bin', '/usr/sbin', '/usr/bin', '/sbin', '/bin', '/usr/games', '/usr/local/games', '/snap/bin'] var='DOXYGEN' -> None
from /home/chengh233/ns3-mmwave-relay: Could not find the program ['doxygen']
